<?xml version="1.0" encoding="UTF-8"?>
<testsuite xmlns:xsi="http://www.w3.org/2001/XMLSchema-instance" xsi:noNamespaceSchemaLocation="https://maven.apache.org/surefire/maven-surefire-plugin/xsd/surefire-test-report-3.0.xsd" version="3.0" name="org.apache.commons.mail.EmailTest" time="2.904" tests="23" errors="0" skipped="0" failures="0">
  <properties>
[...]
</properties>
  <testcase name="addBcc" classname="org.apache.commons.mail.EmailTest" time="0.02"/>
  <testcase name="addBccEmpty" classname="org.apache.commons.mail.EmailTest" time="0.001"/>
  <testcase name="getSocketConnectionTimeout" classname="org.apache.commons.mail.EmailTest" time="0.001"/>
  <testcase name="addReplyTo" classname="org.apache.commons.mail.EmailTest" time="0.006"/>
  <testcase name="buildMimeMessageNoFrom" classname="org.apache.commons.mail.EmailTest" time="0.015"/>
  <testcase name="getMailSessionNullHost" classname="org.apache.commons.mail.EmailTest" time="0.002"/>
  <testcase name="getSentDate" classname="org.apache.commons.mail.EmailTest" time="0.006"/>
  <testcase name="buildMimeMessageBody" classname="org.apache.commons.mail.EmailTest" time="0.008"/>
  <testcase name="buildMimeMessageFull" classname="org.apache.commons.mail.EmailTest" time="0.003"/>
  <testcase name="getMailSessionEmpty" classname="org.apache.commons.mail.EmailTest" time="0.008"/>
  <testcase name="addHeader" classname="org.apache.commons.mail.EmailTest" time="0.002"/>
  <testcase name="addCc" classname="org.apache.commons.mail.EmailTest" time="0.001"/>
  <testcase name="buildMimeMessageNoReceiver" classname="org.apache.commons.mail.EmailTest" time="0.003"/>
  <testcase name="getHostNameWithSession" classname="org.apache.commons.mail.EmailTest" time="0.002"/>
  <testcase name="getSentDateNull" classname="org.apache.commons.mail.EmailTest" time="0.001"/>
  <testcase name="buildMimeMessageEmpty" classname="org.apache.commons.mail.EmailTest" time="0.002"/>
  <testcase name="getMailSessionFull" classname="org.apache.commons.mail.EmailTest" time="0.002"/>
  <testcase name="buildMimeMessagePopError" classname="org.apache.commons.mail.EmailTest" time="2.744"/>
  <testcase name="addBccNull" classname="org.apache.commons.mail.EmailTest" time="0.001"/>
  <testcase name="getHostName" classname="org.apache.commons.mail.EmailTest" time="0.001"/>
  <testcase name="getHostNameNull" classname="org.apache.commons.mail.EmailTest" time="0.001"/>
  <testcase name="getMailSessionNotNull" classname="org.apache.commons.mail.EmailTest" time="0.004"/>
  <testcase name="setFrom" classname="org.apache.commons.mail.EmailTest" time="0.001"/>
</testsuite>